g:\3d-training-2019\framework\utilities\debug\utilities.pch
g:\3d-training-2019\framework\utilities\debug\utilities.pdb
g:\3d-training-2019\framework\utilities\debug\utilities.idb
g:\3d-training-2019\framework\utilities\debug\stdafx.obj
g:\3d-training-2019\framework\utilities\debug\esshader.obj
g:\3d-training-2019\framework\utilities\debug\esutil.obj
g:\3d-training-2019\framework\utilities\debug\esutil_win.obj
g:\3d-training-2019\framework\utilities\debug\math.obj
g:\3d-training-2019\framework\utilities\debug\memorymanager.obj
g:\3d-training-2019\framework\utilities\debug\memoryoperators.obj
g:\3d-training-2019\framework\utilities\debug\mesh.obj
g:\3d-training-2019\framework\utilities\debug\nfg.obj
g:\3d-training-2019\framework\utilities\debug\texturedata.obj
g:\3d-training-2019\framework\utilities\debug\tga.obj
g:\3d-training-2019\framework\debug\utilities.lib
g:\3d-training-2019\framework\debug\utilities.pdb
g:\3d-training-2019\framework\utilities\debug\utilities.tlog\cl.command.1.tlog
g:\3d-training-2019\framework\utilities\debug\utilities.tlog\cl.read.1.tlog
g:\3d-training-2019\framework\utilities\debug\utilities.tlog\cl.write.1.tlog
g:\3d-training-2019\framework\utilities\debug\utilities.tlog\lib-link.read.1.tlog
g:\3d-training-2019\framework\utilities\debug\utilities.tlog\lib-link.write.1.tlog
g:\3d-training-2019\framework\utilities\debug\utilities.tlog\lib.command.1.tlog
